<?xml version="1.0" encoding="UTF-8"?>
<!-- Generated by org.testng.reporters.JUnitReportReporter -->
<testsuite hostname="Ashnavs-MacBook-Pro.local" name="com.ashnav.pipeline.orderstate.ExecuteQuery" tests="1" failures="0" timestamp="25 May 2018 14:14:02 GMT" time="10.984" errors="0">
  <testcase name="executeOnAllEvironments" time="10.984" classname="com.ashnav.pipeline.orderstate.ExecuteQuery"/>
</testsuite> <!-- com.ashnav.pipeline.orderstate.ExecuteQuery -->
