<?xml version="1.0" encoding="UTF-8"?>
<!-- Generated by org.testng.reporters.JUnitReportReporter -->
<testsuite hostname="Ashnavs-MacBook-Pro.local" name="utilities.ReadCSV" tests="1" failures="0" timestamp="16 Mar 2018 09:04:36 GMT" time="0.016" errors="0">
  <testcase name="givenCSVFile_whenRead_thenContentsAsExpected" time="0.016" classname="utilities.ReadCSV"/>
</testsuite> <!-- utilities.ReadCSV -->
