<?xml version="1.0" encoding="UTF-8"?>
<!-- Generated by org.testng.reporters.JUnitReportReporter -->
<testsuite hostname="Ashnavs-MacBook-Pro.local" name="com.ashnav.pipeline.orderstate.AppTest" tests="1" failures="0" timestamp="16 Mar 2018 13:52:09 GMT" time="0.008" errors="0">
  <testcase name="example" time="0.008" classname="com.ashnav.pipeline.orderstate.AppTest"/>
</testsuite> <!-- com.ashnav.pipeline.orderstate.AppTest -->
