<?xml version="1.0" encoding="UTF-8"?>
<!-- Generated by org.testng.reporters.JUnitReportReporter -->
<testsuite hostname="Ashnavs-MacBook-Pro.local" name="com.ashnav.pipeline.orderstate.ExecuteQuerywithMultipleThreads" tests="1" failures="0" timestamp="30 May 2018 10:59:23 GMT" time="2.923" errors="0">
  <testcase name="executeQuerywithMultipleThreads" time="2.923" classname="com.ashnav.pipeline.orderstate.ExecuteQuerywithMultipleThreads"/>
</testsuite> <!-- com.ashnav.pipeline.orderstate.ExecuteQuerywithMultipleThreads -->
