<?xml version="1.0" encoding="UTF-8"?>
<!-- Generated by org.testng.reporters.JUnitReportReporter -->
<testsuite hostname="Ashnavs-MacBook-Pro.local" name="com.ashnav.pipeline.orderstate.ExecuteQuerywithMultipleThreads" tests="1" failures="0" timestamp="30 May 2018 06:40:57 GMT" time="1.460" errors="0">
  <testcase name="executeQuerywithMultipleThreads" time="1.460" classname="com.ashnav.pipeline.orderstate.ExecuteQuerywithMultipleThreads"/>
</testsuite> <!-- com.ashnav.pipeline.orderstate.ExecuteQuerywithMultipleThreads -->
