<?xml version="1.0" encoding="UTF-8"?>
<!-- Generated by org.testng.reporters.JUnitReportReporter -->
<testsuite name="sqlProjedt.ExecuteQuerywithMultipleThreads" tests="5" time="9.921" ignored="0" failures="0" timestamp="31 May 2018 10:34:46 GMT" skipped="0" hostname="Ashnavs-MacBook-Pro.local" errors="0">
  <testcase name="executeQuery" time="1.968" classname="sqlProjedt.ExecuteQuerywithMultipleThreads"/>
  <testcase name="executeQuery" time="1.958" classname="sqlProjedt.ExecuteQuerywithMultipleThreads"/>
  <testcase name="executeQuery" time="1.958" classname="sqlProjedt.ExecuteQuerywithMultipleThreads"/>
  <testcase name="executeQuery" time="1.958" classname="sqlProjedt.ExecuteQuerywithMultipleThreads"/>
  <testcase name="executeQuery" time="2.079" classname="sqlProjedt.ExecuteQuerywithMultipleThreads"/>
</testsuite> <!-- sqlProjedt.ExecuteQuerywithMultipleThreads -->
