<?xml version="1.0" encoding="UTF-8"?>
<!-- Generated by org.testng.reporters.JUnitReportReporter -->
<testsuite hostname="Ashnavs-MacBook-Pro.local" name="com.ashnav.pipeline.orderstate.ExecuteQuery" tests="1" failures="0" timestamp="26 May 2018 16:11:09 GMT" time="20.192" errors="0">
  <testcase name="executeOnAllEvironments" time="20.192" classname="com.ashnav.pipeline.orderstate.ExecuteQuery"/>
</testsuite> <!-- com.ashnav.pipeline.orderstate.ExecuteQuery -->
