<?xml version="1.0" encoding="UTF-8"?>
<!-- Generated by org.testng.reporters.JUnitReportReporter -->
<testsuite hostname="Ashnavs-MacBook-Pro.local" name="com.ashnav.pipeline.orderstate.test" tests="1" failures="0" timestamp="30 May 2018 10:08:08 GMT" time="0.011" errors="0">
  <testcase name="hello" time="0.011" classname="com.ashnav.pipeline.orderstate.test"/>
</testsuite> <!-- com.ashnav.pipeline.orderstate.test -->
