<?xml version="1.0" encoding="UTF-8"?>
<!-- Generated by org.testng.reporters.JUnitReportReporter -->
<testsuite hostname="Ashnavs-MacBook-Pro.local" name="com.ashnav.pipeline.orderstate.ExecuteQuery" tests="1" failures="0" timestamp="28 May 2018 14:13:24 GMT" time="14.512" errors="0">
  <testcase name="executeOnAllEvironments" time="14.512" classname="com.ashnav.pipeline.orderstate.ExecuteQuery"/>
</testsuite> <!-- com.ashnav.pipeline.orderstate.ExecuteQuery -->
