<?xml version="1.0" encoding="UTF-8"?>
<!-- Generated by org.testng.reporters.JUnitReportReporter -->
<testsuite hostname="Ashnavs-MacBook-Pro.local" name="com.ashnav.pipeline.orderstate.ExecuteQuerywithMultipleThreads2" tests="6" failures="0" timestamp="30 May 2018 12:33:20 GMT" time="11.790" errors="0">
  <testcase name="executeQuery" time="1.965" classname="com.ashnav.pipeline.orderstate.ExecuteQuerywithMultipleThreads2"/>
  <testcase name="executeQuery" time="1.965" classname="com.ashnav.pipeline.orderstate.ExecuteQuerywithMultipleThreads2"/>
  <testcase name="executeQuery" time="1.965" classname="com.ashnav.pipeline.orderstate.ExecuteQuerywithMultipleThreads2"/>
  <testcase name="executeQuery" time="1.965" classname="com.ashnav.pipeline.orderstate.ExecuteQuerywithMultipleThreads2"/>
  <testcase name="executeQuery" time="1.965" classname="com.ashnav.pipeline.orderstate.ExecuteQuerywithMultipleThreads2"/>
  <testcase name="executeQuery" time="1.965" classname="com.ashnav.pipeline.orderstate.ExecuteQuerywithMultipleThreads2"/>
</testsuite> <!-- com.ashnav.pipeline.orderstate.ExecuteQuerywithMultipleThreads2 -->
