<?xml version="1.0" encoding="UTF-8"?>
<!-- Generated by org.testng.reporters.JUnitReportReporter -->
<testsuite name="com.ashnav.pipeline.orderstate.ExecuteQuerywithMultipleThreads" tests="6" time="12.862" ignored="0" failures="0" timestamp="30 May 2018 20:11:40 GMT" skipped="0" hostname="Ashnavs-MacBook-Pro.local" errors="0">
  <testcase name="executeQuery" time="2.159" classname="com.ashnav.pipeline.orderstate.ExecuteQuerywithMultipleThreads"/>
  <testcase name="dummy" time="0.009" classname="com.ashnav.pipeline.orderstate.ExecuteQuerywithMultipleThreads"/>
  <testcase name="executeQuery" time="1.910" classname="com.ashnav.pipeline.orderstate.ExecuteQuerywithMultipleThreads"/>
  <testcase name="executeQuery" time="1.872" classname="com.ashnav.pipeline.orderstate.ExecuteQuerywithMultipleThreads"/>
  <testcase name="executeQuery" time="1.959" classname="com.ashnav.pipeline.orderstate.ExecuteQuerywithMultipleThreads"/>
  <testcase name="executeQuery" time="4.953" classname="com.ashnav.pipeline.orderstate.ExecuteQuerywithMultipleThreads"/>
</testsuite> <!-- com.ashnav.pipeline.orderstate.ExecuteQuerywithMultipleThreads -->
